<?xml version="1.0" encoding="UTF-8"?>
<testsuite xmlns:xsi="http://www.w3.org/2001/XMLSchema-instance" xsi:noNamespaceSchemaLocation="https://maven.apache.org/surefire/maven-surefire-plugin/xsd/surefire-test-report-3.0.xsd" version="3.0" name="com.kulkultech.hibernate.TradingAccountTest" time="5.646" tests="4" errors="0" skipped="0" failures="0">
  <properties>
[...]
</properties>
  <testcase name="testEntityRetrieve" classname="com.kulkultech.hibernate.TradingAccountTest" time="0.38">
    <system-out><![CDATA[Hibernate: 
    drop table if exists trading_accounts cascade 
Hibernate: 
    create table trading_accounts (
        balance numeric(15,2) not null,
        is_active boolean not null,
        created_at timestamp(6) not null,
        id bigint generated by default as identity,
        updated_at timestamp(6),
        account_type varchar(20) not null,
        account_name varchar(100) not null,
        primary key (id)
    )
Hibernate: 
    insert 
    into
        trading_accounts
        (account_name, account_type, balance, created_at, is_active, updated_at, id) 
    values
        (?, ?, ?, ?, ?, ?, default)
Hibernate: 
    select
        ta1_0.id,
        ta1_0.account_name,
        ta1_0.account_type,
        ta1_0.balance,
        ta1_0.created_at,
        ta1_0.is_active,
        ta1_0.updated_at 
    from
        trading_accounts ta1_0 
    where
        ta1_0.id=?
]]></system-out>
    <system-err><![CDATA[Nov 07, 2025 9:27:58 PM org.hibernate.Version logVersion
INFO: HHH000412: Hibernate ORM core version 6.3.1.Final
Nov 07, 2025 9:27:59 PM org.hibernate.cache.internal.RegionFactoryInitiator initiateService
INFO: HHH000026: Second-level cache disabled
Nov 07, 2025 9:28:00 PM org.hibernate.engine.jdbc.connections.internal.DriverManagerConnectionProviderImpl configure
WARN: HHH10001002: Using built-in connection pool (not intended for production use)
Nov 07, 2025 9:28:00 PM org.hibernate.engine.jdbc.connections.internal.DriverManagerConnectionProviderImpl buildCreator
INFO: HHH10001005: Loaded JDBC driver class: org.h2.Driver
Nov 07, 2025 9:28:00 PM org.hibernate.engine.jdbc.connections.internal.DriverManagerConnectionProviderImpl buildCreator
INFO: HHH10001012: Connecting with JDBC URL [jdbc:h2:mem:testdb;DB_CLOSE_DELAY=-1]
Nov 07, 2025 9:28:00 PM org.hibernate.engine.jdbc.connections.internal.DriverManagerConnectionProviderImpl buildCreator
INFO: HHH10001001: Connection properties: {password=****, user=sa}
Nov 07, 2025 9:28:00 PM org.hibernate.engine.jdbc.connections.internal.DriverManagerConnectionProviderImpl buildCreator
INFO: HHH10001003: Autocommit mode: false
Nov 07, 2025 9:28:00 PM org.hibernate.engine.jdbc.connections.internal.DriverManagerConnectionProviderImpl$PooledConnections <init>
INFO: HHH10001115: Connection pool size: 20 (min=1)
Nov 07, 2025 9:28:00 PM org.hibernate.engine.jdbc.dialect.internal.DialectFactoryImpl constructDialect
WARN: HHH90000025: H2Dialect does not need to be specified explicitly using 'hibernate.dialect' (remove the property setting and it will be selected by default)
Nov 07, 2025 9:28:03 PM org.hibernate.engine.transaction.jta.platform.internal.JtaPlatformInitiator initiateService
INFO: HHH000489: No JTA platform available (set 'hibernate.transaction.jta.platform' to enable JTA platform integration)
Nov 07, 2025 9:28:03 PM org.hibernate.resource.transaction.backend.jdbc.internal.DdlTransactionIsolatorNonJtaImpl getIsolatedConnection
INFO: HHH10001501: Connection obtained from JdbcConnectionAccess [org.hibernate.engine.jdbc.env.internal.JdbcEnvironmentInitiator$ConnectionProviderJdbcConnectionAccess@2ca54da9] for (non-JTA) DDL execution was not in auto-commit mode; the Connection 'local transaction' will be committed and the Connection will be set into auto-commit mode.
Nov 07, 2025 9:28:03 PM org.hibernate.resource.transaction.backend.jdbc.internal.DdlTransactionIsolatorNonJtaImpl getIsolatedConnection
INFO: HHH10001501: Connection obtained from JdbcConnectionAccess [org.hibernate.engine.jdbc.env.internal.JdbcEnvironmentInitiator$ConnectionProviderJdbcConnectionAccess@3815146b] for (non-JTA) DDL execution was not in auto-commit mode; the Connection 'local transaction' will be committed and the Connection will be set into auto-commit mode.
]]></system-err>
  </testcase>
  <testcase name="testEntityPersist" classname="com.kulkultech.hibernate.TradingAccountTest" time="0.006">
    <system-out><![CDATA[Hibernate: 
    insert 
    into
        trading_accounts
        (account_name, account_type, balance, created_at, is_active, updated_at, id) 
    values
        (?, ?, ?, ?, ?, ?, default)
]]></system-out>
  </testcase>
  <testcase name="testLifecycleCallbacks" classname="com.kulkultech.hibernate.TradingAccountTest" time="0.004">
    <system-out><![CDATA[Hibernate: 
    insert 
    into
        trading_accounts
        (account_name, account_type, balance, created_at, is_active, updated_at, id) 
    values
        (?, ?, ?, ?, ?, ?, default)
]]></system-out>
  </testcase>
  <testcase name="testEntityUpdate" classname="com.kulkultech.hibernate.TradingAccountTest" time="0.043">
    <system-out><![CDATA[Hibernate: 
    insert 
    into
        trading_accounts
        (account_name, account_type, balance, created_at, is_active, updated_at, id) 
    values
        (?, ?, ?, ?, ?, ?, default)
Hibernate: 
    select
        ta1_0.id,
        ta1_0.account_name,
        ta1_0.account_type,
        ta1_0.balance,
        ta1_0.created_at,
        ta1_0.is_active,
        ta1_0.updated_at 
    from
        trading_accounts ta1_0 
    where
        ta1_0.id=?
Hibernate: 
    update
        trading_accounts 
    set
        account_name=?,
        account_type=?,
        balance=?,
        is_active=?,
        updated_at=? 
    where
        id=?
Hibernate: 
    select
        ta1_0.id,
        ta1_0.account_name,
        ta1_0.account_type,
        ta1_0.balance,
        ta1_0.created_at,
        ta1_0.is_active,
        ta1_0.updated_at 
    from
        trading_accounts ta1_0 
    where
        ta1_0.id=?
]]></system-out>
  </testcase>
</testsuite>