<?xml version="1.0" encoding="UTF-8"?>
<testsuite xmlns:xsi="http://www.w3.org/2001/XMLSchema-instance" xsi:noNamespaceSchemaLocation="https://maven.apache.org/surefire/maven-surefire-plugin/xsd/surefire-test-report-3.0.xsd" version="3.0" name="com.kulkultech.jdbc.TransactionManagerTest" time="0.801" tests="5" errors="0" skipped="0" failures="0">
  <properties>
[...]
</properties>
  <testcase name="testSavepointRollback" classname="com.kulkultech.jdbc.TransactionManagerTest" time="0.68"/>
  <testcase name="testTransferFundsRollback" classname="com.kulkultech.jdbc.TransactionManagerTest" time="0.019"/>
  <testcase name="testSavepointSuccess" classname="com.kulkultech.jdbc.TransactionManagerTest" time="0.015"/>
  <testcase name="testTransferFundsSuccess" classname="com.kulkultech.jdbc.TransactionManagerTest" time="0.014"/>
  <testcase name="testUpdateMultiplePrices" classname="com.kulkultech.jdbc.TransactionManagerTest" time="0.025"/>
</testsuite>