<?xml version="1.0" encoding="UTF-8"?>
<testsuite xmlns:xsi="http://www.w3.org/2001/XMLSchema-instance" xsi:noNamespaceSchemaLocation="https://maven.apache.org/surefire/maven-surefire-plugin/xsd/surefire-test-report-3.0.xsd" version="3.0" name="com.kulkultech.restapi.PortfolioControllerTest" time="5.705" tests="6" errors="0" skipped="0" failures="5">
  <properties>
[...]
</properties>
  <testcase name="testUpdatePortfolio" classname="com.kulkultech.restapi.PortfolioControllerTest" time="1.922">
    <failure message="Problem implementation should be incomplete - test should fail" type="org.opentest4j.AssertionFailedError"><![CDATA[org.opentest4j.AssertionFailedError: Problem implementation should be incomplete - test should fail
	at org.junit.jupiter.api.AssertionUtils.fail(AssertionUtils.java:38)
	at org.junit.jupiter.api.Assertions.fail(Assertions.java:135)
	at com.kulkultech.restapi.PortfolioControllerTest.testUpdatePortfolio(PortfolioControllerTest.java:144)
	at java.base/java.lang.reflect.Method.invoke(Method.java:580)
	at java.base/java.util.ArrayList.forEach(ArrayList.java:1597)
	at java.base/java.util.ArrayList.forEach(ArrayList.java:1597)
]]></failure>
    <system-out><![CDATA[06:00:55.484 [main] INFO org.springframework.test.context.support.AnnotationConfigContextLoaderUtils -- Could not detect default configuration classes for test class [com.kulkultech.restapi.PortfolioControllerTest]: PortfolioControllerTest does not declare any static, non-private, non-final, nested classes annotated with @Configuration.
06:00:55.792 [main] INFO org.springframework.boot.test.context.SpringBootTestContextBootstrapper -- Found @SpringBootConfiguration com.kulkultech.restapi.TradingApplication for test class com.kulkultech.restapi.PortfolioControllerTest

  .   ____          _            __ _ _
 /\\ / ___'_ __ _ _(_)_ __  __ _ \ \ \ \
( ( )\___ | '_ | '_| | '_ \/ _` | \ \ \ \
 \\/  ___)| |_)| | | | | || (_| |  ) ) ) )
  '  |____| .__|_| |_|_| |_\__, | / / / /
 =========|_|==============|___/=/_/_/_/
 :: Spring Boot ::                (v3.2.0)

2025-11-14T06:00:56.788+07:00  INFO 26188 --- [           main] c.k.restapi.PortfolioControllerTest      : Starting PortfolioControllerTest using Java 22.0.2 with PID 26188 (started by maraa in C:\amaraa belajar\LIT-Fullstack\sesion20\assignment-01-resource-design)
2025-11-14T06:00:56.790+07:00  INFO 26188 --- [           main] c.k.restapi.PortfolioControllerTest      : No active profile set, falling back to 1 default profile: "default"
2025-11-14T06:00:58.667+07:00  INFO 26188 --- [           main] o.s.b.t.m.w.SpringBootMockServletContext : Initializing Spring TestDispatcherServlet ''
2025-11-14T06:00:58.668+07:00  INFO 26188 --- [           main] o.s.t.web.servlet.TestDispatcherServlet  : Initializing Servlet ''
2025-11-14T06:00:58.671+07:00  INFO 26188 --- [           main] o.s.t.web.servlet.TestDispatcherServlet  : Completed initialization in 2 ms
2025-11-14T06:00:58.730+07:00  INFO 26188 --- [           main] c.k.restapi.PortfolioControllerTest      : Started PortfolioControllerTest in 2.792 seconds (process running for 4.776)

MockHttpServletRequest:
      HTTP Method = GET
      Request URI = /api/portfolios
       Parameters = {}
          Headers = []
             Body = null
    Session Attrs = {}

Handler:
             Type = com.kulkultech.restapi.PortfolioControllerSolution
           Method = com.kulkultech.restapi.PortfolioControllerSolution#getAllPortfolios()

Async:
    Async started = false
     Async result = null

Resolved Exception:
             Type = null

ModelAndView:
        View name = null
             View = null
            Model = null

FlashMap:
       Attributes = null

MockHttpServletResponse:
           Status = 200
    Error message = null
          Headers = [Content-Type:"application/json"]
     Content type = application/json
             Body = []
    Forwarded URL = null
   Redirected URL = null
          Cookies = []
]]></system-out>
    <system-err><![CDATA[WARNING: A Java agent has been loaded dynamically (C:\Users\maraa\.m2\repository\net\bytebuddy\byte-buddy-agent\1.14.10\byte-buddy-agent-1.14.10.jar)
WARNING: If a serviceability tool is in use, please run with -XX:+EnableDynamicAgentLoading to hide this warning
WARNING: If a serviceability tool is not in use, please run with -Djdk.instrument.traceUsage for more information
WARNING: Dynamic loading of agents will be disallowed by default in a future release
]]></system-err>
  </testcase>
  <testcase name="testRESTfulNaming" classname="com.kulkultech.restapi.PortfolioControllerTest" time="0.01"/>
  <testcase name="testCreatePortfolio" classname="com.kulkultech.restapi.PortfolioControllerTest" time="0.085">
    <failure message="Problem implementation should be incomplete - test should fail" type="org.opentest4j.AssertionFailedError"><![CDATA[org.opentest4j.AssertionFailedError: Problem implementation should be incomplete - test should fail
	at org.junit.jupiter.api.AssertionUtils.fail(AssertionUtils.java:38)
	at org.junit.jupiter.api.Assertions.fail(Assertions.java:135)
	at com.kulkultech.restapi.PortfolioControllerTest.testCreatePortfolio(PortfolioControllerTest.java:103)
	at java.base/java.lang.reflect.Method.invoke(Method.java:580)
	at java.base/java.util.ArrayList.forEach(ArrayList.java:1597)
	at java.base/java.util.ArrayList.forEach(ArrayList.java:1597)
]]></failure>
    <system-out><![CDATA[
MockHttpServletRequest:
      HTTP Method = GET
      Request URI = /api/portfolios
       Parameters = {}
          Headers = []
             Body = null
    Session Attrs = {}

Handler:
             Type = com.kulkultech.restapi.PortfolioControllerSolution
           Method = com.kulkultech.restapi.PortfolioControllerSolution#getAllPortfolios()

Async:
    Async started = false
     Async result = null

Resolved Exception:
             Type = null

ModelAndView:
        View name = null
             View = null
            Model = null

FlashMap:
       Attributes = null

MockHttpServletResponse:
           Status = 200
    Error message = null
          Headers = [Content-Type:"application/json"]
     Content type = application/json
             Body = []
    Forwarded URL = null
   Redirected URL = null
          Cookies = []
]]></system-out>
  </testcase>
  <testcase name="testDeletePortfolio" classname="com.kulkultech.restapi.PortfolioControllerTest" time="0.01">
    <failure message="Problem implementation should be incomplete - test should fail" type="org.opentest4j.AssertionFailedError"><![CDATA[org.opentest4j.AssertionFailedError: Problem implementation should be incomplete - test should fail
	at org.junit.jupiter.api.AssertionUtils.fail(AssertionUtils.java:38)
	at org.junit.jupiter.api.Assertions.fail(Assertions.java:135)
	at com.kulkultech.restapi.PortfolioControllerTest.testDeletePortfolio(PortfolioControllerTest.java:183)
	at java.base/java.lang.reflect.Method.invoke(Method.java:580)
	at java.base/java.util.ArrayList.forEach(ArrayList.java:1597)
	at java.base/java.util.ArrayList.forEach(ArrayList.java:1597)
]]></failure>
    <system-out><![CDATA[
MockHttpServletRequest:
      HTTP Method = GET
      Request URI = /api/portfolios
       Parameters = {}
          Headers = []
             Body = null
    Session Attrs = {}

Handler:
             Type = com.kulkultech.restapi.PortfolioControllerSolution
           Method = com.kulkultech.restapi.PortfolioControllerSolution#getAllPortfolios()

Async:
    Async started = false
     Async result = null

Resolved Exception:
             Type = null

ModelAndView:
        View name = null
             View = null
            Model = null

FlashMap:
       Attributes = null

MockHttpServletResponse:
           Status = 200
    Error message = null
          Headers = [Content-Type:"application/json"]
     Content type = application/json
             Body = []
    Forwarded URL = null
   Redirected URL = null
          Cookies = []
]]></system-out>
  </testcase>
  <testcase name="testGetAllPortfolios" classname="com.kulkultech.restapi.PortfolioControllerTest" time="0.011">
    <failure message="Problem implementation should be incomplete - test should fail" type="org.opentest4j.AssertionFailedError"><![CDATA[org.opentest4j.AssertionFailedError: Problem implementation should be incomplete - test should fail
	at org.junit.jupiter.api.AssertionUtils.fail(AssertionUtils.java:38)
	at org.junit.jupiter.api.Assertions.fail(Assertions.java:135)
	at com.kulkultech.restapi.PortfolioControllerTest.testGetAllPortfolios(PortfolioControllerTest.java:39)
	at java.base/java.lang.reflect.Method.invoke(Method.java:580)
	at java.base/java.util.ArrayList.forEach(ArrayList.java:1597)
	at java.base/java.util.ArrayList.forEach(ArrayList.java:1597)
]]></failure>
    <system-out><![CDATA[
MockHttpServletRequest:
      HTTP Method = GET
      Request URI = /api/portfolios
       Parameters = {}
          Headers = []
             Body = null
    Session Attrs = {}

Handler:
             Type = com.kulkultech.restapi.PortfolioControllerSolution
           Method = com.kulkultech.restapi.PortfolioControllerSolution#getAllPortfolios()

Async:
    Async started = false
     Async result = null

Resolved Exception:
             Type = null

ModelAndView:
        View name = null
             View = null
            Model = null

FlashMap:
       Attributes = null

MockHttpServletResponse:
           Status = 200
    Error message = null
          Headers = [Content-Type:"application/json"]
     Content type = application/json
             Body = []
    Forwarded URL = null
   Redirected URL = null
          Cookies = []
]]></system-out>
  </testcase>
  <testcase name="testGetPortfolio" classname="com.kulkultech.restapi.PortfolioControllerTest" time="0.011">
    <failure message="Problem implementation should be incomplete - test should fail" type="org.opentest4j.AssertionFailedError"><![CDATA[org.opentest4j.AssertionFailedError: Problem implementation should be incomplete - test should fail
	at org.junit.jupiter.api.AssertionUtils.fail(AssertionUtils.java:38)
	at org.junit.jupiter.api.Assertions.fail(Assertions.java:135)
	at com.kulkultech.restapi.PortfolioControllerTest.testGetPortfolio(PortfolioControllerTest.java:75)
	at java.base/java.lang.reflect.Method.invoke(Method.java:580)
	at java.base/java.util.ArrayList.forEach(ArrayList.java:1597)
	at java.base/java.util.ArrayList.forEach(ArrayList.java:1597)
]]></failure>
    <system-out><![CDATA[
MockHttpServletRequest:
      HTTP Method = GET
      Request URI = /api/portfolios
       Parameters = {}
          Headers = []
             Body = null
    Session Attrs = {}

Handler:
             Type = com.kulkultech.restapi.PortfolioControllerSolution
           Method = com.kulkultech.restapi.PortfolioControllerSolution#getAllPortfolios()

Async:
    Async started = false
     Async result = null

Resolved Exception:
             Type = null

ModelAndView:
        View name = null
             View = null
            Model = null

FlashMap:
       Attributes = null

MockHttpServletResponse:
           Status = 200
    Error message = null
          Headers = [Content-Type:"application/json"]
     Content type = application/json
             Body = []
    Forwarded URL = null
   Redirected URL = null
          Cookies = []
]]></system-out>
  </testcase>
</testsuite>