<?xml version="1.0" encoding="UTF-8"?>
<testsuite xmlns:xsi="http://www.w3.org/2001/XMLSchema-instance" xsi:noNamespaceSchemaLocation="https://maven.apache.org/surefire/maven-surefire-plugin/xsd/surefire-test-report-3.0.xsd" version="3.0" name="com.kulkultech.threads.TradingThreadTest" time="0.388" tests="5" errors="0" skipped="0" failures="0">
  <properties>
[...]
</properties>
  <testcase name="testThreadName" classname="com.kulkultech.threads.TradingThreadTest" time="0.036"/>
  <testcase name="testThreadExecution" classname="com.kulkultech.threads.TradingThreadTest" time="0.109">
    <system-out><![CDATA[Processing trade for GOOGL at $2850.0
Trade completed for GOOGL
]]></system-out>
  </testcase>
  <testcase name="testThreadCreation" classname="com.kulkultech.threads.TradingThreadTest" time="0.003"/>
  <testcase name="testMultipleThreads" classname="com.kulkultech.threads.TradingThreadTest" time="0.102">
    <system-out><![CDATA[Processing trade for AAPL at $150.25
Processing trade for GOOGL at $2850.0
Processing trade for MSFT at $310.5
Trade completed for GOOGL
Trade completed for MSFT
Trade completed for AAPL
]]></system-out>
  </testcase>
  <testcase name="testThreadState" classname="com.kulkultech.threads.TradingThreadTest" time="0.107">
    <system-out><![CDATA[Processing trade for TSLA at $250.75
Trade completed for TSLA
]]></system-out>
  </testcase>
</testsuite>